0 info it worked if it ends with ok
1 verbose cli [ '/Users/jevgenijsbrencis/.nvm/versions/node/v6.11.5/bin/node',
1 verbose cli   '/Users/jevgenijsbrencis/.nvm/versions/node/v6.11.5/bin/npm',
1 verbose cli   'run',
1 verbose cli   'lint' ]
2 info using npm@3.10.10
3 info using node@v6.11.5
4 verbose run-script [ 'prelint', 'lint', 'postlint' ]
5 info lifecycle dazit@0.0.0~prelint: dazit@0.0.0
6 silly lifecycle dazit@0.0.0~prelint: no script for prelint, continuing
7 info lifecycle dazit@0.0.0~lint: dazit@0.0.0
8 verbose lifecycle dazit@0.0.0~lint: unsafe-perm in lifecycle true
9 verbose lifecycle dazit@0.0.0~lint: PATH: /Users/jevgenijsbrencis/.nvm/versions/node/v6.11.5/lib/node_modules/npm/bin/node-gyp-bin:/Users/jevgenijsbrencis/Downloads/Projects/dazit/node_modules/.bin:/Users/jevgenijsbrencis/.nvm/versions/node/v6.11.5/bin:/usr/local/bin:/usr/bin:/bin:/usr/sbin:/sbin:/opt/ImageMagick/bin:/Users/jevgenijsbrencis/Library/Android/sdk/tools:/Users/jevgenijsbrencis/Library/Android/sdk/platform-tools
10 verbose lifecycle dazit@0.0.0~lint: CWD: /Users/jevgenijsbrencis/Downloads/Projects/dazit
11 silly lifecycle dazit@0.0.0~lint: Args: [ '-c', 'eslint src' ]
12 silly lifecycle dazit@0.0.0~lint: Returned: code: 1  signal: null
13 info lifecycle dazit@0.0.0~lint: Failed to exec lint script
14 verbose stack Error: dazit@0.0.0 lint: `eslint src`
14 verbose stack Exit status 1
14 verbose stack     at EventEmitter.<anonymous> (/Users/jevgenijsbrencis/.nvm/versions/node/v6.11.5/lib/node_modules/npm/lib/utils/lifecycle.js:255:16)
14 verbose stack     at emitTwo (events.js:106:13)
14 verbose stack     at EventEmitter.emit (events.js:191:7)
14 verbose stack     at ChildProcess.<anonymous> (/Users/jevgenijsbrencis/.nvm/versions/node/v6.11.5/lib/node_modules/npm/lib/utils/spawn.js:40:14)
14 verbose stack     at emitTwo (events.js:106:13)
14 verbose stack     at ChildProcess.emit (events.js:191:7)
14 verbose stack     at maybeClose (internal/child_process.js:920:16)
14 verbose stack     at Process.ChildProcess._handle.onexit (internal/child_process.js:230:5)
15 verbose pkgid dazit@0.0.0
16 verbose cwd /Users/jevgenijsbrencis/Downloads/Projects/dazit
17 error Darwin 17.3.0
18 error argv "/Users/jevgenijsbrencis/.nvm/versions/node/v6.11.5/bin/node" "/Users/jevgenijsbrencis/.nvm/versions/node/v6.11.5/bin/npm" "run" "lint"
19 error node v6.11.5
20 error npm  v3.10.10
21 error code ELIFECYCLE
22 error dazit@0.0.0 lint: `eslint src`
22 error Exit status 1
23 error Failed at the dazit@0.0.0 lint script 'eslint src'.
23 error Make sure you have the latest version of node.js and npm installed.
23 error If you do, this is most likely a problem with the dazit package,
23 error not with npm itself.
23 error Tell the author that this fails on your system:
23 error     eslint src
23 error You can get information on how to open an issue for this project with:
23 error     npm bugs dazit
23 error Or if that isn't available, you can get their info via:
23 error     npm owner ls dazit
23 error There is likely additional logging output above.
24 verbose exit [ 1, true ]
